Start testing: Feb 13 16:26 CST
----------------------------------------------------------
1/9 Testing: block_test
1/9 Test: block_test
Command: "/home/xiurui/xdb/build/test/block_test" "--gtest_color=yes" "--gtest_output=xml:/home/xiurui/xdb/build/test/block_test.xml"
Directory: /home/xiurui/xdb/build
"block_test" start time: Feb 13 16:26 CST
Output:
----------------------------------------------------------
Running main() from gmock_main.cc
[0;32m[==========] [mRunning 1 test from 1 test suite.
[0;32m[----------] [mGlobal test environment set-up.
[0;32m[----------] [m1 test from ExampleTest
[0;32m[ RUN      ] [mExampleTest.LinearIterater
[0;32m[       OK ] [mExampleTest.LinearIterater (0 ms)
[0;32m[----------] [m1 test from ExampleTest (0 ms total)

[0;32m[----------] [mGlobal test environment tear-down
[0;32m[==========] [m1 test from 1 test suite ran. (0 ms total)
[0;32m[  PASSED  ] [m1 test.
<end of output>
Test time =   0.00 sec
----------------------------------------------------------
Test Passed.
"block_test" end time: Feb 13 16:26 CST
"block_test" time elapsed: 00:00:00
----------------------------------------------------------

2/9 Testing: cache_test
2/9 Test: cache_test
Command: "/home/xiurui/xdb/build/test/cache_test" "--gtest_color=yes" "--gtest_output=xml:/home/xiurui/xdb/build/test/cache_test.xml"
Directory: /home/xiurui/xdb/build
"cache_test" start time: Feb 13 16:26 CST
Output:
----------------------------------------------------------
Running main() from gmock_main.cc
[0;32m[==========] [mRunning 1 test from 1 test suite.
[0;32m[----------] [mGlobal test environment set-up.
[0;32m[----------] [m1 test from ExampleTest
[0;32m[ RUN      ] [mExampleTest.InsertAndSearch
[0;32m[       OK ] [mExampleTest.InsertAndSearch (0 ms)
[0;32m[----------] [m1 test from ExampleTest (0 ms total)

[0;32m[----------] [mGlobal test environment tear-down
[0;32m[==========] [m1 test from 1 test suite ran. (0 ms total)
[0;32m[  PASSED  ] [m1 test.
<end of output>
Test time =   0.00 sec
----------------------------------------------------------
Test Passed.
"cache_test" end time: Feb 13 16:26 CST
"cache_test" time elapsed: 00:00:00
----------------------------------------------------------

3/9 Testing: coding_test
3/9 Test: coding_test
Command: "/home/xiurui/xdb/build/test/coding_test" "--gtest_color=yes" "--gtest_output=xml:/home/xiurui/xdb/build/test/coding_test.xml"
Directory: /home/xiurui/xdb/build
"coding_test" start time: Feb 13 16:26 CST
Output:
----------------------------------------------------------
Running main() from gmock_main.cc
[0;32m[==========] [mRunning 6 tests from 1 test suite.
[0;32m[----------] [mGlobal test environment set-up.
[0;32m[----------] [m6 tests from CodingTest
[0;32m[ RUN      ] [mCodingTest.Fixed32
[0;32m[       OK ] [mCodingTest.Fixed32 (0 ms)
[0;32m[ RUN      ] [mCodingTest.Fixed64
[0;32m[       OK ] [mCodingTest.Fixed64 (0 ms)
[0;32m[ RUN      ] [mCodingTest.Varint32
[0;32m[       OK ] [mCodingTest.Varint32 (3 ms)
[0;32m[ RUN      ] [mCodingTest.Varint64
[0;32m[       OK ] [mCodingTest.Varint64 (4 ms)
[0;32m[ RUN      ] [mCodingTest.Varint32Overflow
[0;32m[       OK ] [mCodingTest.Varint32Overflow (0 ms)
[0;32m[ RUN      ] [mCodingTest.LengthPrefixed
[0;32m[       OK ] [mCodingTest.LengthPrefixed (0 ms)
[0;32m[----------] [m6 tests from CodingTest (8 ms total)

[0;32m[----------] [mGlobal test environment tear-down
[0;32m[==========] [m6 tests from 1 test suite ran. (8 ms total)
[0;32m[  PASSED  ] [m6 tests.
<end of output>
Test time =   0.01 sec
----------------------------------------------------------
Test Passed.
"coding_test" end time: Feb 13 16:26 CST
"coding_test" time elapsed: 00:00:00
----------------------------------------------------------

4/9 Testing: db_test
4/9 Test: db_test
Command: "/home/xiurui/xdb/build/test/db_test" "--gtest_color=yes" "--gtest_output=xml:/home/xiurui/xdb/build/test/db_test.xml"
Directory: /home/xiurui/xdb/build
"db_test" start time: Feb 13 16:26 CST
Output:
----------------------------------------------------------
Running main() from gmock_main.cc
[0;32m[==========] [mRunning 7 tests from 1 test suite.
[0;32m[----------] [mGlobal test environment set-up.
[0;32m[----------] [m7 tests from DBTest
[0;32m[ RUN      ] [mDBTest.Sometest
[0;32m[       OK ] [mDBTest.Sometest (0 ms)
[0;32m[ RUN      ] [mDBTest.OpenTest
[0;32m[       OK ] [mDBTest.OpenTest (0 ms)
[0;32m[ RUN      ] [mDBTest.RecoverTest
[0;32m[       OK ] [mDBTest.RecoverTest (0 ms)
[0;32m[ RUN      ] [mDBTest.SimpleTest
[0;32m[       OK ] [mDBTest.SimpleTest (0 ms)
[0;32m[ RUN      ] [mDBTest.MutiKeyTest
[0;32m[       OK ] [mDBTest.MutiKeyTest (6 ms)
[0;32m[ RUN      ] [mDBTest.DeletionTest
[0;32m[       OK ] [mDBTest.DeletionTest (5 ms)
[0;32m[ RUN      ] [mDBTest.ConcurrencyTest
[0;32m[       OK ] [mDBTest.ConcurrencyTest (78 ms)
[0;32m[----------] [m7 tests from DBTest (92 ms total)

[0;32m[----------] [mGlobal test environment tear-down
[0;32m[==========] [m7 tests from 1 test suite ran. (92 ms total)
[0;32m[  PASSED  ] [m7 tests.
<end of output>
Test time =   0.10 sec
----------------------------------------------------------
Test Passed.
"db_test" end time: Feb 13 16:26 CST
"db_test" time elapsed: 00:00:00
----------------------------------------------------------

5/9 Testing: env_test
5/9 Test: env_test
Command: "/home/xiurui/xdb/build/test/env_test" "--gtest_color=yes" "--gtest_output=xml:/home/xiurui/xdb/build/test/env_test.xml"
Directory: /home/xiurui/xdb/build
"env_test" start time: Feb 13 16:26 CST
Output:
----------------------------------------------------------
Running main() from gmock_main.cc
[0;32m[==========] [mRunning 1 test from 1 test suite.
[0;32m[----------] [mGlobal test environment set-up.
[0;32m[----------] [m1 test from ExampleTest
[0;32m[ RUN      ] [mExampleTest.WriteAndRead
[0;32m[       OK ] [mExampleTest.WriteAndRead (1 ms)
[0;32m[----------] [m1 test from ExampleTest (1 ms total)

[0;32m[----------] [mGlobal test environment tear-down
[0;32m[==========] [m1 test from 1 test suite ran. (1 ms total)
[0;32m[  PASSED  ] [m1 test.
<end of output>
Test time =   0.00 sec
----------------------------------------------------------
Test Passed.
"env_test" end time: Feb 13 16:26 CST
"env_test" time elapsed: 00:00:00
----------------------------------------------------------

6/9 Testing: example_test
6/9 Test: example_test
Command: "/home/xiurui/xdb/build/test/example_test" "--gtest_color=yes" "--gtest_output=xml:/home/xiurui/xdb/build/test/example_test.xml"
Directory: /home/xiurui/xdb/build
"example_test" start time: Feb 13 16:26 CST
Output:
----------------------------------------------------------
Running main() from gmock_main.cc
[0;32m[==========] [mRunning 3 tests from 1 test suite.
[0;32m[----------] [mGlobal test environment set-up.
[0;32m[----------] [m3 tests from ExampleTest
[0;32m[ RUN      ] [mExampleTest.AddTest
[0;32m[       OK ] [mExampleTest.AddTest (0 ms)
[0;32m[ RUN      ] [mExampleTest.crcTest
[0;32m[       OK ] [mExampleTest.crcTest (0 ms)
[0;32m[ RUN      ] [mExampleTest.snappyTest
[0;32m[       OK ] [mExampleTest.snappyTest (0 ms)
[0;32m[----------] [m3 tests from ExampleTest (0 ms total)

[0;32m[----------] [mGlobal test environment tear-down
[0;32m[==========] [m3 tests from 1 test suite ran. (0 ms total)
[0;32m[  PASSED  ] [m3 tests.
<end of output>
Test time =   0.00 sec
----------------------------------------------------------
Test Passed.
"example_test" end time: Feb 13 16:26 CST
"example_test" time elapsed: 00:00:00
----------------------------------------------------------

7/9 Testing: filter_block_test
7/9 Test: filter_block_test
Command: "/home/xiurui/xdb/build/test/filter_block_test" "--gtest_color=yes" "--gtest_output=xml:/home/xiurui/xdb/build/test/filter_block_test.xml"
Directory: /home/xiurui/xdb/build
"filter_block_test" start time: Feb 13 16:26 CST
Output:
----------------------------------------------------------
Running main() from gmock_main.cc
[0;32m[==========] [mRunning 3 tests from 1 test suite.
[0;32m[----------] [mGlobal test environment set-up.
[0;32m[----------] [m3 tests from FilterTest
[0;32m[ RUN      ] [mFilterTest.SimpleTest
[0;32m[       OK ] [mFilterTest.SimpleTest (0 ms)
[0;32m[ RUN      ] [mFilterTest.MissingTest
[0;32m[       OK ] [mFilterTest.MissingTest (0 ms)
[0;32m[ RUN      ] [mFilterTest.DifferentOffset
[0;32m[       OK ] [mFilterTest.DifferentOffset (0 ms)
[0;32m[----------] [m3 tests from FilterTest (0 ms total)

[0;32m[----------] [mGlobal test environment tear-down
[0;32m[==========] [m3 tests from 1 test suite ran. (0 ms total)
[0;32m[  PASSED  ] [m3 tests.
<end of output>
Test time =   0.00 sec
----------------------------------------------------------
Test Passed.
"filter_block_test" end time: Feb 13 16:26 CST
"filter_block_test" time elapsed: 00:00:00
----------------------------------------------------------

8/9 Testing: memtable_test
8/9 Test: memtable_test
Command: "/home/xiurui/xdb/build/test/memtable_test" "--gtest_color=yes" "--gtest_output=xml:/home/xiurui/xdb/build/test/memtable_test.xml"
Directory: /home/xiurui/xdb/build
"memtable_test" start time: Feb 13 16:26 CST
Output:
----------------------------------------------------------
/home/xiurui/xdb/build/test/memtable_test: Symbol `_ZTVN3xdb21InternalKeyComparatorE' has different size in shared object, consider re-linking
Running main() from gmock_main.cc
[0;32m[==========] [mRunning 3 tests from 1 test suite.
[0;32m[----------] [mGlobal test environment set-up.
[0;32m[----------] [m3 tests from MemTableTest
[0;32m[ RUN      ] [mMemTableTest.InternalKeyCmp
[0;32m[       OK ] [mMemTableTest.InternalKeyCmp (0 ms)
[0;32m[ RUN      ] [mMemTableTest.MemtableInsertAndDelete
[0;32m[       OK ] [mMemTableTest.MemtableInsertAndDelete (0 ms)
[0;32m[ RUN      ] [mMemTableTest.ConcurrenceTest
[0;32m[       OK ] [mMemTableTest.ConcurrenceTest (36 ms)
[0;32m[----------] [m3 tests from MemTableTest (36 ms total)

[0;32m[----------] [mGlobal test environment tear-down
[0;32m[==========] [m3 tests from 1 test suite ran. (36 ms total)
[0;32m[  PASSED  ] [m3 tests.
<end of output>
Test time =   0.04 sec
----------------------------------------------------------
Test Passed.
"memtable_test" end time: Feb 13 16:26 CST
"memtable_test" time elapsed: 00:00:00
----------------------------------------------------------

9/9 Testing: sstable_test
9/9 Test: sstable_test
Command: "/home/xiurui/xdb/build/test/sstable_test" "--gtest_color=yes" "--gtest_output=xml:/home/xiurui/xdb/build/test/sstable_test.xml"
Directory: /home/xiurui/xdb/build
"sstable_test" start time: Feb 13 16:26 CST
Output:
----------------------------------------------------------
Running main() from gmock_main.cc
[0;32m[==========] [mRunning 1 test from 1 test suite.
[0;32m[----------] [mGlobal test environment set-up.
[0;32m[----------] [m1 test from ExampleTest
[0;32m[ RUN      ] [mExampleTest.LinearIterater
[0;32m[       OK ] [mExampleTest.LinearIterater (9 ms)
[0;32m[----------] [m1 test from ExampleTest (9 ms total)

[0;32m[----------] [mGlobal test environment tear-down
[0;32m[==========] [m1 test from 1 test suite ran. (9 ms total)
[0;32m[  PASSED  ] [m1 test.
<end of output>
Test time =   0.01 sec
----------------------------------------------------------
Test Passed.
"sstable_test" end time: Feb 13 16:26 CST
"sstable_test" time elapsed: 00:00:00
----------------------------------------------------------

End testing: Feb 13 16:26 CST
